<?xml version="1.0" encoding="UTF-8"?>
<project xmlns="http://maven.apache.org/POM/4.0.0"
    xmlns:xsi="http://www.w3.org/2001/XMLSchema-instance"
    xsi:schemaLocation="http://maven.apache.org/POM/4.0.0 http://maven.apache.org/maven-v4_0_0.xsd">
  <modelVersion>4.0.0</modelVersion>

  <packaging>eclipse-test-plugin</packaging>

  <build>
    <plugins>
      <plugin>
        <groupId>org.eclipse.tycho</groupId>
        <artifactId>tycho-surefire-plugin</artifactId>
        <version>${tycho-version}</version>
        <configuration>
          <!-- headless harness works better for headless linux builds  -->
          <useUIHarness>false</useUIHarness>
          <forkedProcessTimeoutInSeconds>900</forkedProcessTimeoutInSeconds>
        </configuration>
      </plugin>
    </plugins>
  </build>

</project>
